<?xml version="1.0" encoding="UTF-8"?>
<!-- Generated by org.testng.reporters.JUnitReportReporter -->
<testsuite hostname="SRIKRISHNA" failures="0" tests="3" name="com.automation.testscripts.TC_003_AddRemove" time="10.921" errors="0" timestamp="2023-05-12T09:16:55 IST" skipped="0">
  <testcase classname="com.automation.testscripts.TC_003_AddRemove" name="addRemove" time="4.323"/>
  <system-out/>
  <testcase classname="com.automation.testscripts.TC_003_AddRemove" name="addRemove" time="3.090"/>
  <system-out/>
  <testcase classname="com.automation.testscripts.TC_003_AddRemove" name="addRemove" time="3.508"/>
  <system-out/>
</testsuite> <!-- com.automation.testscripts.TC_003_AddRemove -->
