<?xml version="1.0" encoding="UTF-8"?>
<!-- Generated by org.testng.reporters.JUnitReportReporter -->
<testsuite hostname="SRIKRISHNA" failures="0" tests="2" name="com.automation.TC_001_AddToCart" time="20.290" errors="0" timestamp="2023-05-11T07:43:20 IST" skipped="0">
  <testcase classname="com.automation.TC_001_AddToCart" name="addToCart" time="8.974"/>
  <system-out/>
  <testcase classname="com.automation.TC_001_AddToCart" name="addToCart" time="11.316"/>
  <system-out/>
</testsuite> <!-- com.automation.TC_001_AddToCart -->
