<?xml version="1.0" encoding="UTF-8"?>
<!-- Generated by org.testng.reporters.JUnitReportReporter -->
<testsuite hostname="SRIKRISHNA" failures="0" tests="8" name="com.automation.testscripts.DriverScript" time="3.975" errors="0" timestamp="2023-05-13T08:29:07 IST" skipped="0">
  <testcase classname="com.automation.testscripts.DriverScript" name="execute" time="0.269"/>
  <system-out/>
  <testcase classname="com.automation.testscripts.DriverScript" name="execute" time="0.125"/>
  <system-out/>
  <testcase classname="com.automation.testscripts.DriverScript" name="execute" time="0.382"/>
  <system-out/>
  <testcase classname="com.automation.testscripts.DriverScript" name="execute" time="2.235"/>
  <system-out/>
  <testcase classname="com.automation.testscripts.DriverScript" name="execute" time="0.309"/>
  <system-out/>
  <testcase classname="com.automation.testscripts.DriverScript" name="execute" time="0.100"/>
  <system-out/>
  <testcase classname="com.automation.testscripts.DriverScript" name="execute" time="0.409"/>
  <system-out/>
  <testcase classname="com.automation.testscripts.DriverScript" name="execute" time="0.146"/>
  <system-out/>
</testsuite> <!-- com.automation.testscripts.DriverScript -->
