<?xml version="1.0" encoding="UTF-8"?>
<!-- Generated by org.testng.reporters.JUnitReportReporter -->
<testsuite hostname="SRIKRISHNA" failures="0" tests="3" name="com.automation.testscripts.TC_001_AddRemoveCart" time="29.819" errors="0" timestamp="2023-05-12T08:40:55 IST" skipped="0">
  <testcase classname="com.automation.testscripts.TC_001_AddRemoveCart" name="addRemove" time="9.649"/>
  <system-out/>
  <testcase classname="com.automation.testscripts.TC_001_AddRemoveCart" name="addRemove" time="10.440"/>
  <system-out/>
  <testcase classname="com.automation.testscripts.TC_001_AddRemoveCart" name="addRemove" time="9.730"/>
  <system-out/>
</testsuite> <!-- com.automation.testscripts.TC_001_AddRemoveCart -->
