<?xml version="1.0" encoding="UTF-8"?>
<!-- Generated by org.testng.reporters.JUnitReportReporter -->
<testsuite hostname="SRIKRISHNA" failures="0" tests="2" name="com.automation.TestRunner" time="31.080" errors="0" timestamp="2023-05-11T07:43:20 IST" skipped="0">
  <testcase classname="com.automation.TestRunner" name="runScenario" time="15.038"/>
  <system-out/>
  <testcase classname="com.automation.TestRunner" name="runScenario" time="16.042"/>
  <system-out/>
</testsuite> <!-- com.automation.TestRunner -->
