<?xml version="1.0" encoding="UTF-8"?>
<!-- Generated by org.testng.reporters.JUnitXMLReporter -->
<testsuite ignored="0" hostname="SRIKRISHNA" failures="0" tests="8" name="DriverScript" time="16.506" errors="0" timestamp="2023-05-13T08:29:07 IST">
  <testcase classname="com.automation.testscripts.DriverScript" name="execute" time="2.235"/>
  <testcase classname="com.automation.testscripts.DriverScript" name="execute" time="0.382"/>
  <testcase classname="com.automation.testscripts.DriverScript" name="execute" time="0.269"/>
  <testcase classname="com.automation.testscripts.DriverScript" name="execute" time="0.309"/>
  <testcase classname="com.automation.testscripts.DriverScript" name="execute" time="0.409"/>
  <testcase classname="com.automation.testscripts.DriverScript" name="execute" time="0.1"/>
  <testcase classname="com.automation.testscripts.DriverScript" name="execute" time="0.125"/>
  <testcase classname="com.automation.testscripts.DriverScript" name="execute" time="0.146"/>
</testsuite> <!-- DriverScript -->
