<?xml version="1.0" encoding="UTF-8"?>
<!-- Generated by org.testng.reporters.JUnitXMLReporter -->
<testsuite ignored="0" hostname="SRIKRISHNA" failures="0" tests="8" name="DriverScript" time="42.126" errors="0" timestamp="2024-10-03T08:15:02 IST">
  <testcase classname="com.automation.DriverScript" name="execute" time="0.255"/>
  <testcase classname="com.automation.DriverScript" name="execute" time="2.73"/>
  <testcase classname="com.automation.DriverScript" name="execute" time="0.181"/>
  <testcase classname="com.automation.DriverScript" name="execute" time="0.808"/>
  <testcase classname="com.automation.DriverScript" name="execute" time="0.209"/>
  <testcase classname="com.automation.DriverScript" name="execute" time="0.149"/>
  <testcase classname="com.automation.DriverScript" name="execute" time="0.085"/>
  <testcase classname="com.automation.DriverScript" name="execute" time="0.194"/>
</testsuite> <!-- DriverScript -->
