<?xml version="1.0" encoding="UTF-8"?>
<!-- Generated by org.testng.reporters.JUnitXMLReporter -->
<testsuite ignored="0" hostname="SRIKRISHNA" failures="0" tests="3" name="TC_003_AddRemove" time="28.346" errors="0" timestamp="2023-05-12T09:16:55 IST">
  <testcase classname="com.automation.testscripts.TC_003_AddRemove" name="addRemove" time="4.323"/>
  <testcase classname="com.automation.testscripts.TC_003_AddRemove" name="addRemove" time="3.508"/>
  <testcase classname="com.automation.testscripts.TC_003_AddRemove" name="addRemove" time="3.09"/>
</testsuite> <!-- TC_003_AddRemove -->
