<?xml version="1.0" encoding="UTF-8"?>
<!-- Generated by org.testng.reporters.JUnitXMLReporter -->
<testsuite ignored="0" hostname="SRIKRISHNA" failures="0" tests="3" name="TC_001_AddToCart" time="42.974" errors="0" timestamp="2023-05-12T08:40:54 IST">
  <testcase classname="com.automation.testscripts.TC_001_AddRemoveCart" name="addRemove" time="10.44"/>
  <testcase classname="com.automation.testscripts.TC_001_AddRemoveCart" name="addRemove" time="9.73"/>
  <testcase classname="com.automation.testscripts.TC_001_AddRemoveCart" name="addRemove" time="9.649"/>
</testsuite> <!-- TC_001_AddToCart -->
