<?xml version="1.0" encoding="UTF-8"?>
<testng-results ignored="0" total="8" passed="8" failed="0" skipped="0">
  <reporter-output>
  </reporter-output>
  <suite started-at="2024-10-03T08:14:20 IST" name="i7" finished-at="2024-10-03T08:15:02 IST" duration-ms="42126">
    <groups>
    </groups>
    <test started-at="2024-10-03T08:14:20 IST" name="DriverScript" finished-at="2024-10-03T08:15:02 IST" duration-ms="42126">
      <class name="com.automation.DriverScript">
        <test-method is-config="true" signature="openBrowser(java.lang.String)[pri:0, instance:com.automation.DriverScript@682b2fa]" started-at="2024-10-03T08:14:20 IST" name="openBrowser" finished-at="2024-10-03T08:14:40 IST" duration-ms="20360" status="PASS">
          <params>
            <param index="0">
              <value>
                <![CDATA[chrome]]>
              </value>
            </param>
          </params>
          <reporter-output>
          </reporter-output>
        </test-method> <!-- openBrowser -->
        <test-method signature="execute(java.lang.String,java.lang.String,java.lang.String,java.lang.String,java.lang.String)[pri:0, instance:com.automation.DriverScript@682b2fa]" started-at="2024-10-03T08:14:54 IST" name="execute" data-provider="getTestData" finished-at="2024-10-03T08:14:54 IST" duration-ms="255" status="PASS">
          <params>
            <param index="0">
              <value>
                <![CDATA[TC_001_AddRemove]]>
              </value>
            </param>
            <param index="1">
              <value>
                <![CDATA[Load an Application URL]]>
              </value>
            </param>
            <param index="2">
              <value>
                <![CDATA[visit]]>
              </value>
            </param>
            <param index="3">
              <value is-null="true"/>
            </param>
            <param index="4">
              <value>
                <![CDATA[https://www.saucedemo.com/]]>
              </value>
            </param>
          </params>
          <reporter-output>
          </reporter-output>
        </test-method> <!-- execute -->
        <test-method signature="execute(java.lang.String,java.lang.String,java.lang.String,java.lang.String,java.lang.String)[pri:0, instance:com.automation.DriverScript@682b2fa]" started-at="2024-10-03T08:14:54 IST" name="execute" data-provider="getTestData" finished-at="2024-10-03T08:14:57 IST" duration-ms="2730" status="PASS">
          <params>
            <param index="0">
              <value is-null="true"/>
            </param>
            <param index="1">
              <value>
                <![CDATA[Enter UserName]]>
              </value>
            </param>
            <param index="2">
              <value>
                <![CDATA[setValue]]>
              </value>
            </param>
            <param index="3">
              <value>
                <![CDATA[id=user-name]]>
              </value>
            </param>
            <param index="4">
              <value>
                <![CDATA[standard_user]]>
              </value>
            </param>
          </params>
          <reporter-output>
          </reporter-output>
        </test-method> <!-- execute -->
        <test-method signature="execute(java.lang.String,java.lang.String,java.lang.String,java.lang.String,java.lang.String)[pri:0, instance:com.automation.DriverScript@682b2fa]" started-at="2024-10-03T08:14:57 IST" name="execute" data-provider="getTestData" finished-at="2024-10-03T08:14:57 IST" duration-ms="181" status="PASS">
          <params>
            <param index="0">
              <value is-null="true"/>
            </param>
            <param index="1">
              <value>
                <![CDATA[Enter Password]]>
              </value>
            </param>
            <param index="2">
              <value>
                <![CDATA[setValue]]>
              </value>
            </param>
            <param index="3">
              <value>
                <![CDATA[id=password]]>
              </value>
            </param>
            <param index="4">
              <value>
                <![CDATA[secret_sauce]]>
              </value>
            </param>
          </params>
          <reporter-output>
          </reporter-output>
        </test-method> <!-- execute -->
        <test-method signature="execute(java.lang.String,java.lang.String,java.lang.String,java.lang.String,java.lang.String)[pri:0, instance:com.automation.DriverScript@682b2fa]" started-at="2024-10-03T08:14:57 IST" name="execute" data-provider="getTestData" finished-at="2024-10-03T08:14:58 IST" duration-ms="808" status="PASS">
          <params>
            <param index="0">
              <value is-null="true"/>
            </param>
            <param index="1">
              <value>
                <![CDATA[Click on Login]]>
              </value>
            </param>
            <param index="2">
              <value>
                <![CDATA[click]]>
              </value>
            </param>
            <param index="3">
              <value>
                <![CDATA[id=login-button]]>
              </value>
            </param>
            <param index="4">
              <value is-null="true"/>
            </param>
          </params>
          <reporter-output>
          </reporter-output>
        </test-method> <!-- execute -->
        <test-method signature="execute(java.lang.String,java.lang.String,java.lang.String,java.lang.String,java.lang.String)[pri:0, instance:com.automation.DriverScript@682b2fa]" started-at="2024-10-03T08:14:58 IST" name="execute" data-provider="getTestData" finished-at="2024-10-03T08:14:58 IST" duration-ms="209" status="PASS">
          <params>
            <param index="0">
              <value is-null="true"/>
            </param>
            <param index="1">
              <value>
                <![CDATA[click on add]]>
              </value>
            </param>
            <param index="2">
              <value>
                <![CDATA[click]]>
              </value>
            </param>
            <param index="3">
              <value>
                <![CDATA[id=add-to-cart-sauce-labs-backpack]]>
              </value>
            </param>
            <param index="4">
              <value is-null="true"/>
            </param>
          </params>
          <reporter-output>
          </reporter-output>
        </test-method> <!-- execute -->
        <test-method signature="execute(java.lang.String,java.lang.String,java.lang.String,java.lang.String,java.lang.String)[pri:0, instance:com.automation.DriverScript@682b2fa]" started-at="2024-10-03T08:14:58 IST" name="execute" data-provider="getTestData" finished-at="2024-10-03T08:14:59 IST" duration-ms="149" status="PASS">
          <params>
            <param index="0">
              <value is-null="true"/>
            </param>
            <param index="1">
              <value>
                <![CDATA[click on remove]]>
              </value>
            </param>
            <param index="2">
              <value>
                <![CDATA[click]]>
              </value>
            </param>
            <param index="3">
              <value>
                <![CDATA[id=remove-sauce-labs-backpack]]>
              </value>
            </param>
            <param index="4">
              <value is-null="true"/>
            </param>
          </params>
          <reporter-output>
          </reporter-output>
        </test-method> <!-- execute -->
        <test-method signature="execute(java.lang.String,java.lang.String,java.lang.String,java.lang.String,java.lang.String)[pri:0, instance:com.automation.DriverScript@682b2fa]" started-at="2024-10-03T08:14:59 IST" name="execute" data-provider="getTestData" finished-at="2024-10-03T08:14:59 IST" duration-ms="85" status="PASS">
          <params>
            <param index="0">
              <value is-null="true"/>
            </param>
            <param index="1">
              <value>
                <![CDATA[click on icon]]>
              </value>
            </param>
            <param index="2">
              <value>
                <![CDATA[click]]>
              </value>
            </param>
            <param index="3">
              <value>
                <![CDATA[id=react-burger-menu-btn]]>
              </value>
            </param>
            <param index="4">
              <value is-null="true"/>
            </param>
          </params>
          <reporter-output>
          </reporter-output>
        </test-method> <!-- execute -->
        <test-method signature="execute(java.lang.String,java.lang.String,java.lang.String,java.lang.String,java.lang.String)[pri:0, instance:com.automation.DriverScript@682b2fa]" started-at="2024-10-03T08:14:59 IST" name="execute" data-provider="getTestData" finished-at="2024-10-03T08:14:59 IST" duration-ms="194" status="PASS">
          <params>
            <param index="0">
              <value is-null="true"/>
            </param>
            <param index="1">
              <value>
                <![CDATA[click on logout]]>
              </value>
            </param>
            <param index="2">
              <value>
                <![CDATA[click]]>
              </value>
            </param>
            <param index="3">
              <value>
                <![CDATA[id=logout_sidebar_link]]>
              </value>
            </param>
            <param index="4">
              <value is-null="true"/>
            </param>
          </params>
          <reporter-output>
          </reporter-output>
        </test-method> <!-- execute -->
        <test-method is-config="true" signature="closeBrowser()[pri:0, instance:com.automation.DriverScript@682b2fa]" started-at="2024-10-03T08:14:59 IST" name="closeBrowser" finished-at="2024-10-03T08:15:02 IST" duration-ms="3186" status="PASS">
          <reporter-output>
          </reporter-output>
        </test-method> <!-- closeBrowser -->
      </class> <!-- com.automation.DriverScript -->
    </test> <!-- DriverScript -->
  </suite> <!-- i7 -->
</testng-results>
